<?xml version="1.0" encoding="UTF-8"?>
<testng-results skipped="0" failed="0" ignored="0" total="2" passed="2">
  <reporter-output>
  </reporter-output>
  <suite name="Parameterization Test Suite" duration-ms="41" started-at="2019-09-15T19:50:36 EDT" finished-at="2019-09-15T19:50:36 EDT">
    <groups>
    </groups>
    <test name="Testing Parameterization" duration-ms="41" started-at="2019-09-15T19:50:36 EDT" finished-at="2019-09-15T19:50:36 EDT">
      <class name="com.usa.amazontest.TestParameters">
        <test-method status="PASS" signature="testCaseOne(java.lang.String)[pri:0, instance:com.usa.amazontest.TestParameters@6a472554]" name="testCaseOne" duration-ms="6" started-at="2019-09-15T19:50:36 EDT" finished-at="2019-09-15T19:50:36 EDT">
          <params>
            <param index="0">
              <value>
                <![CDATA[Firefox]]>
              </value>
            </param>
          </params>
          <reporter-output>
          </reporter-output>
        </test-method> <!-- testCaseOne -->
        <test-method status="PASS" signature="testCaseTwo(java.lang.String, java.lang.String)[pri:0, instance:com.usa.amazontest.TestParameters@6a472554]" name="testCaseTwo" duration-ms="2" started-at="2019-09-15T19:50:36 EDT" finished-at="2019-09-15T19:50:36 EDT">
          <params>
            <param index="0">
              <value>
                <![CDATA[testuser]]>
              </value>
            </param>
            <param index="1">
              <value>
                <![CDATA[testpassword]]>
              </value>
            </param>
          </params>
          <reporter-output>
          </reporter-output>
        </test-method> <!-- testCaseTwo -->
      </class> <!-- com.usa.amazontest.TestParameters -->
    </test> <!-- Testing Parameterization -->
  </suite> <!-- Parameterization Test Suite -->
</testng-results>
