<?xml version="1.0" encoding="UTF-8"?>
<!-- Generated by org.testng.reporters.JUnitXMLReporter -->
<testsuite hostname="DESKTOP-1B41O0N" ignored="0" name="Testing Parameterization" tests="2" failures="0" timestamp="2019-09-15T19:50:36 EDT" time="0.041" errors="0">
  <testcase name="testCaseOne" time="0.006" classname="com.usa.amazontest.TestParameters"/>
  <testcase name="testCaseTwo" time="0.002" classname="com.usa.amazontest.TestParameters"/>
</testsuite> <!-- Testing Parameterization -->
