<?xml version="1.0" encoding="UTF-8"?>
<!-- Generated by org.testng.reporters.JUnitXMLReporter -->
<testsuite hostname="WKSP000A756E" ignored="1" name="testing" tests="3" failures="0" timestamp="27 Aug 2019 14:41:06 GMT" time="0.037" errors="0">
  <testcase name="testCaseFour" time="0.015" classname="com.usa.amazontest.TestNG_Grouping"/>
  <testcase name="testCaseOne" time="0.001" classname="com.usa.amazontest.TestNG_Grouping"/>
  <testcase name="testCaseTwo" time="0.0" classname="com.usa.amazontest.TestNG_Grouping"/>
  <testcase name="testCaseThree" time="0.0" classname="com.usa.amazontest.TestNG_Grouping">
    <ignored/>
  </testcase> <!-- testCaseThree -->
</testsuite> <!-- testing -->
